<?xml version="1.0" encoding="UTF-8"?>
<testng-results skipped="0" failed="0" ignored="0" total="3" passed="3">
  <reporter-output>
  </reporter-output>
  <suite name="IlabTest " duration-ms="9473" started-at="2020-02-10T16:00:18Z" finished-at="2020-02-10T16:00:27Z">
    <groups>
      <group name="HomePage">
        <method signature="Application_Test.verifyApplicationPage()[pri:0, instance:com.ilab.test.Application_Test@2781e022]" name="verifyApplicationPage" class="com.ilab.test.Application_Test"/>
        <method signature="HomePage_Test.verifyHomePage()[pri:0, instance:com.ilab.test.HomePage_Test@6ee52dcd]" name="verifyHomePage" class="com.ilab.test.HomePage_Test"/>
      </group> <!-- HomePage -->
      <group name="CareersPage">
        <method signature="Careers_Test.verifyCareersPage()[pri:0, instance:com.ilab.test.Careers_Test@4493d195]" name="verifyCareersPage" class="com.ilab.test.Careers_Test"/>
      </group> <!-- CareersPage -->
    </groups>
    <test name="chromeTest1" duration-ms="9473" started-at="2020-02-10T16:00:18Z" finished-at="2020-02-10T16:00:27Z">
      <class name="com.ilab.test.Careers_Test">
        <test-method status="PASS" signature="setUp()[pri:0, instance:com.ilab.test.Careers_Test@4493d195]" name="setUp" is-config="true" duration-ms="1" started-at="2020-02-10T16:00:18Z" finished-at="2020-02-10T16:00:18Z">
          <reporter-output>
          </reporter-output>
        </test-method> <!-- setUp -->
        <test-method status="PASS" signature="verifyCareersPage()[pri:0, instance:com.ilab.test.Careers_Test@4493d195]" name="verifyCareersPage" duration-ms="6064" started-at="2020-02-10T16:00:18Z" finished-at="2020-02-10T16:00:24Z">
          <reporter-output>
          </reporter-output>
        </test-method> <!-- verifyCareersPage -->
      </class> <!-- com.ilab.test.Careers_Test -->
      <class name="com.ilab.test.HomePage_Test">
        <test-method status="PASS" signature="setUp()[pri:0, instance:com.ilab.test.HomePage_Test@6ee52dcd]" name="setUp" is-config="true" duration-ms="29" started-at="2020-02-10T16:00:18Z" finished-at="2020-02-10T16:00:18Z">
          <reporter-output>
          </reporter-output>
        </test-method> <!-- setUp -->
        <test-method status="PASS" signature="verifyHomePage()[pri:0, instance:com.ilab.test.HomePage_Test@6ee52dcd]" name="verifyHomePage" duration-ms="40" started-at="2020-02-10T16:00:18Z" finished-at="2020-02-10T16:00:18Z">
          <reporter-output>
          </reporter-output>
        </test-method> <!-- verifyHomePage -->
      </class> <!-- com.ilab.test.HomePage_Test -->
      <class name="com.ilab.test.Application_Test">
        <test-method status="PASS" signature="setUp()[pri:0, instance:com.ilab.test.Application_Test@2781e022]" name="setUp" is-config="true" duration-ms="5" started-at="2020-02-10T16:00:24Z" finished-at="2020-02-10T16:00:24Z">
          <reporter-output>
          </reporter-output>
        </test-method> <!-- setUp -->
        <test-method status="PASS" signature="verifyApplicationPage()[pri:0, instance:com.ilab.test.Application_Test@2781e022]" name="verifyApplicationPage" duration-ms="3310" started-at="2020-02-10T16:00:24Z" finished-at="2020-02-10T16:00:27Z">
          <reporter-output>
          </reporter-output>
        </test-method> <!-- verifyApplicationPage -->
      </class> <!-- com.ilab.test.Application_Test -->
    </test> <!-- chromeTest1 -->
  </suite> <!-- IlabTest  -->
</testng-results>
